# JRE version: OpenJDK Runtime Environment Microsoft-8035246 (17.0.8+7) (build 17.0.8+7-LTS)
# Java VM: OpenJDK 64-Bit Server VM Microsoft-8035246 (17.0.8+7-LTS, mixed mode, sharing, tiered, compressed oops, compressed class ptrs, g1 gc, windows-amd64)
GC Precious Log:
 CPUs: 8 total, 8 available
 Memory: 6082M
 Large Page Support: Disabled
 NUMA Support: Disabled
 Compressed Oops: Enabled (32-bit)
 Heap Region Size: 1M
 Heap Min Capacity: 8M
 Heap Initial Capacity: 96M
 Heap Max Capacity: 2G
 Pre-touch: Disabled
 Parallel Workers: 8
 Concurrent Workers: 2
 Concurrent Refinement Workers: 8
 Periodic GC: Disabled
Heap:
 garbage-first heap   total 268288K, used 214330K [0x0000000080000000, 0x0000000100000000)
  region size 1024K, 44 young (45056K), 8 survivors (8192K)
 Metaspace       used 110081K, committed 111040K, reserved 557056K
  class space    used 15134K, committed 15552K, reserved 425984K
GC Heap History (20 events):
Event: 43.004 GC heap before
{Heap before GC invocations=56 (full 0):
 garbage-first heap   total 223232K, used 189685K [0x0000000080000000, 0x0000000100000000)
  region size 1024K, 38 young (38912K), 2 survivors (2048K)
 Metaspace       used 108042K, committed 108992K, reserved 557056K
  class space    used 14848K, committed 15232K, reserved 425984K
}
Event: 43.012 GC heap after
{Heap after GC invocations=57 (full 0):
 garbage-first heap   total 223232K, used 153349K [0x0000000080000000, 0x0000000100000000)
  region size 1024K, 5 young (5120K), 5 survivors (5120K)
 Metaspace       used 108042K, committed 108992K, reserved 557056K
  class space    used 14848K, committed 15232K, reserved 425984K
}
Event: 43.717 GC heap before
{Heap before GC invocations=57 (full 0):
 garbage-first heap   total 223232K, used 186117K [0x0000000080000000, 0x0000000100000000)
  region size 1024K, 38 young (38912K), 5 survivors (5120K)
 Metaspace       used 108792K, committed 109696K, reserved 557056K
  class space    used 14996K, committed 15424K, reserved 425984K
}
Event: 43.727 GC heap after
{Heap after GC invocations=58 (full 0):
 garbage-first heap   total 223232K, used 155475K [0x0000000080000000, 0x0000000100000000)
  region size 1024K, 2 young (2048K), 2 survivors (2048K)
 Metaspace       used 108792K, committed 109696K, reserved 557056K
  class space    used 14996K, committed 15424K, reserved 425984K
}
Event: 44.345 GC heap before
{Heap before GC invocations=58 (full 0):
 garbage-first heap   total 223232K, used 188243K [0x0000000080000000, 0x0000000100000000)
  region size 1024K, 35 young (35840K), 2 survivors (2048K)
 Metaspace       used 109380K, committed 110336K, reserved 557056K
  class space    used 15086K, committed 15488K, reserved 425984K
}
Event: 44.352 GC heap after
{Heap after GC invocations=59 (full 0):
 garbage-first heap   total 223232K, used 158916K [0x0000000080000000, 0x0000000100000000)
  region size 1024K, 5 young (5120K), 5 survivors (5120K)
 Metaspace       used 109380K, committed 110336K, reserved 557056K
  class space    used 15086K, committed 15488K, reserved 425984K
}
Event: 44.646 GC heap before
{Heap before GC invocations=59 (full 0):
 garbage-first heap   total 223232K, used 187588K [0x0000000080000000, 0x0000000100000000)
  region size 1024K, 34 young (34816K), 5 survivors (5120K)
 Metaspace       used 109441K, committed 110400K, reserved 557056K
  class space    used 15086K, committed 15488K, reserved 425984K
}
Event: 44.652 GC heap after
{Heap after GC invocations=60 (full 0):
 garbage-first heap   total 223232K, used 161299K [0x0000000080000000, 0x0000000100000000)
  region size 1024K, 3 young (3072K), 3 survivors (3072K)
 Metaspace       used 109441K, committed 110400K, reserved 557056K
  class space    used 15086K, committed 15488K, reserved 425984K
}
Event: 45.222 GC heap before
{Heap before GC invocations=60 (full 0):
 garbage-first heap   total 223232K, used 188947K [0x0000000080000000, 0x0000000100000000)
  region size 1024K, 31 young (31744K), 3 survivors (3072K)
 Metaspace       used 109485K, committed 110400K, reserved 557056K
  class space    used 15086K, committed 15488K, reserved 425984K
}
Event: 45.225 GC heap after
{Heap after GC invocations=61 (full 0):
 garbage-first heap   total 223232K, used 162832K [0x0000000080000000, 0x0000000100000000)
  region size 1024K, 2 young (2048K), 2 survivors (2048K)
 Metaspace       used 109485K, committed 110400K, reserved 557056K
  class space    used 15086K, committed 15488K, reserved 425984K
}
Event: 45.864 GC heap before
{Heap before GC invocations=61 (full 0):
 garbage-first heap   total 223232K, used 194576K [0x0000000080000000, 0x0000000100000000)
  region size 1024K, 30 young (30720K), 2 survivors (2048K)
 Metaspace       used 109504K, committed 110400K, reserved 557056K
  class space    used 15087K, committed 15488K, reserved 425984K
}
Event: 45.869 GC heap after
{Heap after GC invocations=62 (full 0):
 garbage-first heap   total 223232K, used 165101K [0x0000000080000000, 0x0000000100000000)
  region size 1024K, 4 young (4096K), 4 survivors (4096K)
 Metaspace       used 109504K, committed 110400K, reserved 557056K
  class space    used 15087K, committed 15488K, reserved 425984K
}
Event: 46.301 GC heap before
{Heap before GC invocations=62 (full 0):
 garbage-first heap   total 223232K, used 194797K [0x0000000080000000, 0x0000000100000000)
  region size 1024K, 30 young (30720K), 4 survivors (4096K)
 Metaspace       used 109644K, committed 110656K, reserved 557056K
  class space    used 15098K, committed 15552K, reserved 425984K
}
Event: 46.309 GC heap after
{Heap after GC invocations=63 (full 0):
 garbage-first heap   total 223232K, used 167390K [0x0000000080000000, 0x0000000100000000)
  region size 1024K, 3 young (3072K), 3 survivors (3072K)
 Metaspace       used 109644K, committed 110656K, reserved 557056K
  class space    used 15098K, committed 15552K, reserved 425984K
}
Event: 46.534 GC heap before
{Heap before GC invocations=63 (full 0):
 garbage-first heap   total 223232K, used 199134K [0x0000000080000000, 0x0000000100000000)
  region size 1024K, 27 young (27648K), 3 survivors (3072K)
 Metaspace       used 109717K, committed 110720K, reserved 557056K
  class space    used 15099K, committed 15552K, reserved 425984K
}
Event: 46.539 GC heap after
{Heap after GC invocations=64 (full 0):
 garbage-first heap   total 223232K, used 169446K [0x0000000080000000, 0x0000000100000000)
  region size 1024K, 2 young (2048K), 2 survivors (2048K)
 Metaspace       used 109717K, committed 110720K, reserved 557056K
  class space    used 15099K, committed 15552K, reserved 425984K
}
Event: 46.805 GC heap before
{Heap before GC invocations=64 (full 0):
 garbage-first heap   total 223232K, used 196070K [0x0000000080000000, 0x0000000100000000)
  region size 1024K, 25 young (25600K), 2 survivors (2048K)
 Metaspace       used 109811K, committed 110848K, reserved 557056K
  class space    used 15110K, committed 15552K, reserved 425984K
}
Event: 46.812 GC heap after
{Heap after GC invocations=65 (full 0):
 garbage-first heap   total 268288K, used 171324K [0x0000000080000000, 0x0000000100000000)
  region size 1024K, 4 young (4096K), 4 survivors (4096K)
 Metaspace       used 109811K, committed 110848K, reserved 557056K
  class space    used 15110K, committed 15552K, reserved 425984K
}
Event: 48.463 GC heap before
{Heap before GC invocations=65 (full 0):
 garbage-first heap   total 268288K, used 235836K [0x0000000080000000, 0x0000000100000000)
  region size 1024K, 60 young (61440K), 4 survivors (4096K)
 Metaspace       used 109971K, committed 110976K, reserved 557056K
  class space    used 15121K, committed 15552K, reserved 425984K
}
Event: 48.475 GC heap after
{Heap after GC invocations=66 (full 0):
 garbage-first heap   total 268288K, used 175418K [0x0000000080000000, 0x0000000100000000)
  region size 1024K, 8 young (8192K), 8 survivors (8192K)
 Metaspace       used 109971K, committed 110976K, reserved 557056K
  class space    used 15121K, committed 15552K, reserved 425984K
}

